  Source.cpp
G:\Users\21092\Desktop\ESC - 副本 (2)\ESC\Source.cpp(33,24): warning C4244: 'initializing': conversion from 'double' to 'float', possible loss of data
E:\visual studio\VC\Tools\MSVC\14.37.32822\include\xmemory(719,103): warning C4244: 'argument': conversion from '_Ty' to 'float', possible loss of data
          with
          [
              _Ty=int
          ]
E:\visual studio\VC\Tools\MSVC\14.37.32822\include\vector(800,27): message : see reference to function template instantiation 'void std::_Default_allocator_traits<_Alloc>::construct<_Ty,const char(&)[6],int,int,float,float,int,int,int,float,float,float,float>(_Alloc &,_Objty *const ,const char (&)[6],int &&,int &&,float &&,float &&,int &&,int &&,int &&,float &&,float &&,float &&,float &&)' being compiled
          with
          [
              _Alloc=std::allocator<Circle>,
              _Ty=Circle,
              _Objty=Circle
          ]
E:\visual studio\VC\Tools\MSVC\14.37.32822\include\vector(782,20): message : see reference to function template instantiation '_Ty &std::vector<_Ty,std::allocator<_Ty>>::_Emplace_back_with_unused_capacity<const char(&)[6],int,int,float,float,int,int,int,float,float,float,float>(const char (&)[6],int &&,int &&,float &&,float &&,int &&,int &&,int &&,float &&,float &&,float &&,float &&)' being compiled
          with
          [
              _Ty=Circle
          ]
E:\visual studio\VC\Tools\MSVC\14.37.32822\include\vector(864,24): message : see reference to function template instantiation '_Ty &std::vector<_Ty,std::allocator<_Ty>>::_Emplace_one_at_back<const char(&)[6],int,int,float,float,int,int,int,float,float,float,float>(const char (&)[6],int &&,int &&,float &&,float &&,int &&,int &&,int &&,float &&,float &&,float &&,float &&)' being compiled
          with
          [
              _Ty=Circle
          ]
G:\Users\21092\Desktop\ESC - 副本 (2)\ESC\Source.cpp(84,18): message : see reference to function template instantiation '_Ty &std::vector<_Ty,std::allocator<_Ty>>::emplace_back<const char(&)[6],int,int,float,float,int,int,int,float,float,float,float>(const char (&)[6],int &&,int &&,float &&,float &&,int &&,int &&,int &&,float &&,float &&,float &&,float &&)' being compiled
          with
          [
              _Ty=Circle
          ]
  ESC.vcxproj -> G:\Users\21092\Desktop\ESC - 副本 (2)\x64\Debug\ESC.exe
